[2024-12-21T18:37:42.804Z] info: User logged in successfully: mg@gmail.com
[2024-12-21T18:37:55.856Z] warn: Invalid credentials for user: mg@gmail.com
[2024-12-21T18:46:32.197Z] info: User logged in successfully: m@gmail.com
[2024-12-21T18:46:32.259Z] info: Transaction history request for user ID: 16
[2024-12-21T18:46:32.261Z] info: Transaction history retrieved successfully for user ID: 16
[2024-12-21T18:46:32.264Z] info: Transaction history request for user ID: 16
[2024-12-21T18:46:32.265Z] info: Transaction history retrieved successfully for user ID: 16
[2024-12-21T18:46:52.193Z] info: User ID: 16 requested to add funds: 300
[2024-12-21T18:46:52.204Z] info: Funds added successfully for user ID: 16, Amount: 300
[2024-12-21T18:46:52.207Z] info: Transaction recorded successfully for user ID: 16, Amount: 300, Type: add
[2024-12-21T18:46:52.216Z] info: Transaction history request for user ID: 16
[2024-12-21T18:46:52.218Z] info: Transaction history retrieved successfully for user ID: 16
[2024-12-21T18:47:27.258Z] info: User ID: 16 requested to add funds: 3
[2024-12-21T18:47:27.265Z] info: Funds added successfully for user ID: 16, Amount: 3
[2024-12-21T18:47:27.271Z] info: Transaction recorded successfully for user ID: 16, Amount: 3, Type: add
[2024-12-21T18:47:27.286Z] info: Transaction history request for user ID: 16
[2024-12-21T18:47:27.287Z] info: Transaction history retrieved successfully for user ID: 16
[2024-12-21T18:48:02.083Z] info: User ID: 16 requested to withdraw funds: 40
[2024-12-21T18:48:02.092Z] info: Funds withdrawn successfully for user ID: 16, Amount: 40
[2024-12-21T18:48:02.099Z] info: Transaction recorded successfully for user ID: 16, Amount: 40, Type: withdraw
[2024-12-21T18:48:02.117Z] info: Transaction history request for user ID: 16
[2024-12-21T18:48:02.119Z] info: Transaction history retrieved successfully for user ID: 16
